N=100
-------------------
Allocating memory on CPU:
Time taken for allocating memory on CPU: 0.978460 seconds
-------------------
Initializing arrays on CPU:
Time taken for initializing arrays on CPU: 0.002602 seconds
-------------------
Running Jacobi with norm:
Time taken for CPU: 0.000000 seconds
Time taken for GPU: 1.053379 seconds
Iterations: 100
CPU and GPU outputs are DIFFERENT!
-------------------
N=200
-------------------
Allocating memory on CPU:
Time taken for allocating memory on CPU: 1.151591 seconds
-------------------
Initializing arrays on CPU:
Time taken for initializing arrays on CPU: 0.020860 seconds
-------------------
Running Jacobi with norm:
Time taken for CPU: 0.000000 seconds
Time taken for GPU: 6.038675 seconds
Iterations: 100
CPU and GPU outputs are DIFFERENT!
-------------------
N=300
-------------------
Allocating memory on CPU:
Time taken for allocating memory on CPU: 1.529943 seconds
-------------------
Initializing arrays on CPU:
Time taken for initializing arrays on CPU: 0.067770 seconds
-------------------
Running Jacobi with norm:
Time taken for CPU: 0.000000 seconds
Time taken for GPU: 14.248468 seconds
Iterations: 100
CPU and GPU outputs are DIFFERENT!
-------------------
N=400
-------------------
Allocating memory on CPU:
Time taken for allocating memory on CPU: 2.904584 seconds
-------------------
Initializing arrays on CPU:
Time taken for initializing arrays on CPU: 0.162213 seconds
-------------------
Running Jacobi with norm:
Time taken for CPU: 0.000000 seconds
Time taken for GPU: 26.220378 seconds
Iterations: 100
CPU and GPU outputs are DIFFERENT!
-------------------
N=500
-------------------
Allocating memory on CPU:
Time taken for allocating memory on CPU: 4.002110 seconds
-------------------
Initializing arrays on CPU:
Time taken for initializing arrays on CPU: 0.314827 seconds
-------------------
Running Jacobi with norm:
Time taken for CPU: 0.000000 seconds
Time taken for GPU: 40.938552 seconds
Iterations: 100
CPU and GPU outputs are DIFFERENT!
-------------------
N=600
-------------------
Allocating memory on CPU:
Time taken for allocating memory on CPU: 5.573130 seconds
-------------------
Initializing arrays on CPU:
Time taken for initializing arrays on CPU: 0.541772 seconds
-------------------
Running Jacobi with norm:
Time taken for CPU: 0.000000 seconds
Time taken for GPU: 60.266052 seconds
Iterations: 100
CPU and GPU outputs are DIFFERENT!
-------------------
N=700
-------------------
Allocating memory on CPU:
Time taken for allocating memory on CPU: 7.916632 seconds
-------------------
Initializing arrays on CPU:
Time taken for initializing arrays on CPU: 0.859311 seconds
-------------------
Running Jacobi with norm:
Time taken for CPU: 0.000000 seconds
Time taken for GPU: 81.571808 seconds
Iterations: 100
CPU and GPU outputs are DIFFERENT!
-------------------
N=800
-------------------
Allocating memory on CPU:
Time taken for allocating memory on CPU: 10.676536 seconds
-------------------
Initializing arrays on CPU:
Time taken for initializing arrays on CPU: 1.277311 seconds
-------------------
Running Jacobi with norm:
Time taken for CPU: 0.000000 seconds
Time taken for GPU: 108.239790 seconds
Iterations: 100
CPU and GPU outputs are DIFFERENT!
-------------------
N=900
-------------------
Allocating memory on CPU:
Time taken for allocating memory on CPU: 14.218731 seconds
-------------------
Initializing arrays on CPU:
Time taken for initializing arrays on CPU: 1.816951 seconds
-------------------
Running Jacobi with norm:
Time taken for CPU: 0.000000 seconds
Time taken for GPU: 138.810195 seconds
Iterations: 100
CPU and GPU outputs are DIFFERENT!
-------------------
N=1000
-------------------
Allocating memory on CPU:
Time taken for allocating memory on CPU: 19.024764 seconds
-------------------
Initializing arrays on CPU:
Time taken for initializing arrays on CPU: 2.487606 seconds
-------------------
Running Jacobi with norm:
Time taken for CPU: 0.000000 seconds
Time taken for GPU: 173.830965 seconds
Iterations: 100
CPU and GPU outputs are DIFFERENT!
-------------------
N=1100
User defined signal 2

------------------------------------------------------------
Sender: LSF System <lsfadmin@hpc.dtu.dk>
Subject: Job 23874423: <poisson> in cluster <dcc> Exited

Job <poisson> was submitted from host <n-62-11-46> by user <s204164> in cluster <dcc> at Fri Jan 24 10:10:31 2025
Job was executed on host(s) <4*n-62-12-88>, in queue <hpcintrogpu>, as user <s204164> in cluster <dcc> at Fri Jan 24 10:10:58 2025
</zhome/5f/3/156515> was used as the home directory.
</zhome/5f/3/156515/Documents/hpc-2025-assignment3/poisson> was used as the working directory.
Started at Fri Jan 24 10:10:58 2025
Terminated at Fri Jan 24 10:26:42 2025
Results reported at Fri Jan 24 10:26:42 2025

Your job looked like:

------------------------------------------------------------
# LSBATCH: User input
#!/bin/bash
# 02614 - High-Performance Computing, January 2025
# 
# Author: Group 1
#
#BSUB -J poisson
#BSUB -o poisson_%J.out
#BSUB -q hpcintrogpu
#BSUB -n 4
#BSUB -R "rusage[mem=20000]"
#BSUB -W 00:15
#BSUB -R "span[hosts=1]"
#BSUB -gpu "num=1:mode=exclusive_process"

export MFLOPS_MAX_IT=1
export OMP_NUM_THREADS=32
export TMPDIR=$__LSF_JOB_TMPDIR__
module load nvhpc/24.11

N="100 200 300 400 500 600 700 800 900 1000 1100 1200 1300 1400 1500 1600"

for n in $N; do
    echo "N=${n}"

    # EXPOUT="run_${n}"
    # HWCOUNT="-h dch,on,dcm,on,l2h,on,l2m,on"
    bin/poisson $n 100 0 0 0 1 0
    # nsys profile bin/poisson poisson $n 50 0 1 0 0
done
------------------------------------------------------------

TERM_RUNLIMIT: job killed after reaching LSF run time limit.
Exited with exit code 140.

Resource usage summary:

    CPU time :                                   1077.00 sec.
    Max Memory :                                 3626 MB
    Average Memory :                             1134.11 MB
    Total Requested Memory :                     80000.00 MB
    Delta Memory :                               76374.00 MB
    Max Swap :                                   -
    Max Processes :                              4
    Max Threads :                                9
    Run time :                                   945 sec.
    Turnaround time :                            971 sec.

The output (if any) is above this job summary.

