N=100
-------------------
Allocating memory on CPU:
Time taken for allocating memory on CPU: 1.015067 seconds
-------------------
Initializing arrays on CPU:
Time taken for initializing arrays on CPU: 0.002633 seconds
-------------------
Running Jacobi with norm:
Time taken for CPU: 0.000000 seconds
Time taken for GPU: 0.029898 seconds
Iterations: 100
CPU and GPU outputs are DIFFERENT!
-------------------
N=200
-------------------
Allocating memory on CPU:
Time taken for allocating memory on CPU: 1.044346 seconds
-------------------
Initializing arrays on CPU:
Time taken for initializing arrays on CPU: 0.020329 seconds
-------------------
Running Jacobi with norm:
Time taken for CPU: 0.000001 seconds
Time taken for GPU: 0.072547 seconds
Iterations: 100
CPU and GPU outputs are DIFFERENT!
-------------------
N=300
-------------------
Allocating memory on CPU:
Time taken for allocating memory on CPU: 1.560223 seconds
-------------------
Initializing arrays on CPU:
Time taken for initializing arrays on CPU: 0.067594 seconds
-------------------
Running Jacobi with norm:
Time taken for CPU: 0.000000 seconds
Time taken for GPU: 0.152058 seconds
Iterations: 100
CPU and GPU outputs are DIFFERENT!
-------------------
N=400
-------------------
Allocating memory on CPU:
Time taken for allocating memory on CPU: 2.697671 seconds
-------------------
Initializing arrays on CPU:
Time taken for initializing arrays on CPU: 0.162354 seconds
-------------------
Running Jacobi with norm:
Time taken for CPU: 0.000000 seconds
Time taken for GPU: 0.322487 seconds
Iterations: 100
CPU and GPU outputs are DIFFERENT!
-------------------
N=500
-------------------
Allocating memory on CPU:
Time taken for allocating memory on CPU: 3.304323 seconds
-------------------
Initializing arrays on CPU:
Time taken for initializing arrays on CPU: 0.314786 seconds
-------------------
Running Jacobi with norm:
Time taken for CPU: 0.000000 seconds
Time taken for GPU: 0.555520 seconds
Iterations: 100
CPU and GPU outputs are DIFFERENT!
-------------------
N=600
-------------------
Allocating memory on CPU:
Time taken for allocating memory on CPU: 4.964428 seconds
-------------------
Initializing arrays on CPU:
Time taken for initializing arrays on CPU: 0.542817 seconds
-------------------
Running Jacobi with norm:
Time taken for CPU: 0.000000 seconds
Time taken for GPU: 0.915721 seconds
Iterations: 100
CPU and GPU outputs are DIFFERENT!
-------------------
N=700
-------------------
Allocating memory on CPU:
Time taken for allocating memory on CPU: 7.508597 seconds
-------------------
Initializing arrays on CPU:
Time taken for initializing arrays on CPU: 0.859364 seconds
-------------------
Running Jacobi with norm:
Time taken for CPU: 0.000000 seconds
Time taken for GPU: 1.401374 seconds
Iterations: 100
CPU and GPU outputs are DIFFERENT!
-------------------
N=800
-------------------
Allocating memory on CPU:
Time taken for allocating memory on CPU: 10.336654 seconds
-------------------
Initializing arrays on CPU:
Time taken for initializing arrays on CPU: 1.280208 seconds
-------------------
Running Jacobi with norm:
Time taken for CPU: 0.000001 seconds
Time taken for GPU: 2.047298 seconds
Iterations: 100
CPU and GPU outputs are DIFFERENT!
-------------------
N=900
-------------------
Allocating memory on CPU:
Time taken for allocating memory on CPU: 14.256979 seconds
-------------------
Initializing arrays on CPU:
Time taken for initializing arrays on CPU: 1.821850 seconds
-------------------
Running Jacobi with norm:
Time taken for CPU: 0.000000 seconds
Time taken for GPU: 2.891012 seconds
Iterations: 100
CPU and GPU outputs are DIFFERENT!
-------------------
N=1000
-------------------
Allocating memory on CPU:
Time taken for allocating memory on CPU: 19.161413 seconds
-------------------
Initializing arrays on CPU:
Time taken for initializing arrays on CPU: 2.497412 seconds
-------------------
Running Jacobi with norm:
Time taken for CPU: 0.000000 seconds
Time taken for GPU: 4.081302 seconds
Iterations: 100
CPU and GPU outputs are DIFFERENT!
-------------------
N=1100
-------------------
Allocating memory on CPU:
Time taken for allocating memory on CPU: 25.011047 seconds
-------------------
Initializing arrays on CPU:
Time taken for initializing arrays on CPU: 3.316869 seconds
-------------------
Running Jacobi with norm:
Time taken for CPU: 0.000000 seconds
Time taken for GPU: 5.464907 seconds
Iterations: 100
CPU and GPU outputs are DIFFERENT!
-------------------
N=1200
-------------------
Allocating memory on CPU:
Time taken for allocating memory on CPU: 32.620283 seconds
-------------------
Initializing arrays on CPU:
Time taken for initializing arrays on CPU: 4.303684 seconds
-------------------
Running Jacobi with norm:
Time taken for CPU: 0.000000 seconds
Time taken for GPU: 7.062723 seconds
Iterations: 100
CPU and GPU outputs are DIFFERENT!
-------------------
N=1300
array u_0: allocation failed: Cannot allocate memory
-------------------
Allocating memory on CPU:
N=1400
array u_0: allocation failed: Cannot allocate memory
-------------------
Allocating memory on CPU:
N=1500
array u_0: allocation failed: Cannot allocate memory
-------------------
Allocating memory on CPU:
N=1600
array u_0: allocation failed: Cannot allocate memory
-------------------
Allocating memory on CPU:

------------------------------------------------------------
Sender: LSF System <lsfadmin@hpc.dtu.dk>
Subject: Job 23878058: <poisson> in cluster <dcc> Exited

Job <poisson> was submitted from host <n-62-11-46> by user <s204164> in cluster <dcc> at Fri Jan 24 10:53:21 2025
Job was executed on host(s) <4*n-62-12-88>, in queue <hpcintrogpu>, as user <s204164> in cluster <dcc> at Fri Jan 24 10:53:23 2025
</zhome/5f/3/156515> was used as the home directory.
</zhome/5f/3/156515/Documents/hpc-2025-assignment3/poisson> was used as the working directory.
Started at Fri Jan 24 10:53:23 2025
Terminated at Fri Jan 24 10:59:14 2025
Results reported at Fri Jan 24 10:59:14 2025

Your job looked like:

------------------------------------------------------------
# LSBATCH: User input
#!/bin/bash
# 02614 - High-Performance Computing, January 2025
# 
# Author: Group 1
#
#BSUB -J poisson
#BSUB -o poisson_%J.out
#BSUB -q hpcintrogpu
#BSUB -n 4
#BSUB -R "rusage[mem=20000]"
#BSUB -W 00:15
#BSUB -R "span[hosts=1]"
#BSUB -gpu "num=1:mode=exclusive_process"

export MFLOPS_MAX_IT=1
export OMP_NUM_THREADS=32
export TMPDIR=$__LSF_JOB_TMPDIR__
module load nvhpc/24.11

N="100 200 300 400 500 600 700 800 900 1000 1100 1200 1300 1400 1500 1600"

for n in $N; do
    echo "N=${n}"

    # EXPOUT="run_${n}"
    # HWCOUNT="-h dch,on,dcm,on,l2h,on,l2m,on"
    bin/poisson $n 100 0 0 0 1 0
    # nsys profile bin/poisson poisson $n 50 0 1 0 0
done
------------------------------------------------------------

Exited with exit code 255.

Resource usage summary:

    CPU time :                                   626.00 sec.
    Max Memory :                                 1989 MB
    Average Memory :                             884.60 MB
    Total Requested Memory :                     80000.00 MB
    Delta Memory :                               78011.00 MB
    Max Swap :                                   -
    Max Processes :                              4
    Max Threads :                                9
    Run time :                                   355 sec.
    Turnaround time :                            353 sec.

The output (if any) is above this job summary.

