N=100
-------------------
Allocating memory on CPU:
Time taken for allocating memory on CPU: 0.982034 seconds
-------------------
Initializing arrays on CPU:
Time taken for initializing arrays on CPU: 0.002622 seconds
-------------------
Running Jacobi:
Time taken for CPU: 0.000000 seconds
Time taken for GPU: 0.019812 seconds
CPU and GPU outputs are DIFFERENT!
-------------------
N=200
-------------------
Allocating memory on CPU:
Time taken for allocating memory on CPU: 0.904575 seconds
-------------------
Initializing arrays on CPU:
Time taken for initializing arrays on CPU: 0.020307 seconds
-------------------
Running Jacobi:
Time taken for CPU: 0.000000 seconds
Time taken for GPU: 0.073945 seconds
CPU and GPU outputs are DIFFERENT!
-------------------
N=300
-------------------
Allocating memory on CPU:
Time taken for allocating memory on CPU: 1.468770 seconds
-------------------
Initializing arrays on CPU:
Time taken for initializing arrays on CPU: 0.067648 seconds
-------------------
Running Jacobi:
Time taken for CPU: 0.000000 seconds
Time taken for GPU: 0.541678 seconds
CPU and GPU outputs are DIFFERENT!
-------------------
N=400
-------------------
Allocating memory on CPU:
Time taken for allocating memory on CPU: 2.560354 seconds
-------------------
Initializing arrays on CPU:
Time taken for initializing arrays on CPU: 0.162113 seconds
-------------------
Running Jacobi:
Time taken for CPU: 0.000000 seconds
Time taken for GPU: 1.623185 seconds
CPU and GPU outputs are DIFFERENT!
-------------------
N=500
-------------------
Allocating memory on CPU:
Time taken for allocating memory on CPU: 3.188543 seconds
-------------------
Initializing arrays on CPU:
Time taken for initializing arrays on CPU: 0.315013 seconds
-------------------
Running Jacobi:
Time taken for CPU: 0.000000 seconds
Time taken for GPU: 3.306723 seconds
CPU and GPU outputs are DIFFERENT!
-------------------
N=600
-------------------
Allocating memory on CPU:
Time taken for allocating memory on CPU: 4.841570 seconds
-------------------
Initializing arrays on CPU:
Time taken for initializing arrays on CPU: 0.542164 seconds
-------------------
Running Jacobi:
Time taken for CPU: 0.000000 seconds
Time taken for GPU: 5.938858 seconds
CPU and GPU outputs are DIFFERENT!
-------------------
N=700
-------------------
Allocating memory on CPU:
Time taken for allocating memory on CPU: 7.078554 seconds
-------------------
Initializing arrays on CPU:
Time taken for initializing arrays on CPU: 0.858035 seconds
-------------------
Running Jacobi:
Time taken for CPU: 0.000000 seconds
Time taken for GPU: 9.730316 seconds
CPU and GPU outputs are DIFFERENT!
-------------------
N=800
-------------------
Allocating memory on CPU:
Time taken for allocating memory on CPU: 10.098204 seconds
-------------------
Initializing arrays on CPU:
Time taken for initializing arrays on CPU: 1.279202 seconds
-------------------
Running Jacobi:
Time taken for CPU: 0.000000 seconds
Time taken for GPU: 14.989717 seconds
CPU and GPU outputs are DIFFERENT!
-------------------
N=900
-------------------
Allocating memory on CPU:
Time taken for allocating memory on CPU: 14.065870 seconds
-------------------
Initializing arrays on CPU:
Time taken for initializing arrays on CPU: 1.816556 seconds
-------------------
Running Jacobi:
Time taken for CPU: 0.000000 seconds
Time taken for GPU: 22.243131 seconds
CPU and GPU outputs are DIFFERENT!
-------------------
N=1000
-------------------
Allocating memory on CPU:
Time taken for allocating memory on CPU: 19.296218 seconds
-------------------
Initializing arrays on CPU:
Time taken for initializing arrays on CPU: 2.491858 seconds
-------------------
Running Jacobi:
Time taken for CPU: 0.000000 seconds
Time taken for GPU: 31.182327 seconds
CPU and GPU outputs are DIFFERENT!
-------------------
N=1100
-------------------
Allocating memory on CPU:
Time taken for allocating memory on CPU: 24.780522 seconds
-------------------
Initializing arrays on CPU:
Time taken for initializing arrays on CPU: 3.317204 seconds
-------------------
Running Jacobi:
Time taken for CPU: 0.000000 seconds
Time taken for GPU: 42.202939 seconds
CPU and GPU outputs are DIFFERENT!
-------------------
N=1200
-------------------
Allocating memory on CPU:
Time taken for allocating memory on CPU: 31.998545 seconds
-------------------
Initializing arrays on CPU:
Time taken for initializing arrays on CPU: 4.294146 seconds
-------------------
Running Jacobi:
Time taken for CPU: 0.000000 seconds
Time taken for GPU: 55.374924 seconds
CPU and GPU outputs are DIFFERENT!
-------------------
N=1300
array u_0: allocation failed: Cannot allocate memory
-------------------
Allocating memory on CPU:
N=1400
array u_0: allocation failed: Cannot allocate memory
-------------------
Allocating memory on CPU:
N=1500
array u_0: allocation failed: Cannot allocate memory
-------------------
Allocating memory on CPU:
N=1600
array u_0: allocation failed: Cannot allocate memory
-------------------
Allocating memory on CPU:

------------------------------------------------------------
Sender: LSF System <lsfadmin@hpc.dtu.dk>
Subject: Job 23850555: <poisson> in cluster <dcc> Exited

Job <poisson> was submitted from host <n-62-12-81> by user <s204164> in cluster <dcc> at Thu Jan 23 21:13:49 2025
Job was executed on host(s) <4*n-62-12-89>, in queue <hpcintrogpu>, as user <s204164> in cluster <dcc> at Thu Jan 23 21:13:49 2025
</zhome/5f/3/156515> was used as the home directory.
</zhome/5f/3/156515/Documents/hpc-2025-assignment3/poisson> was used as the working directory.
Started at Thu Jan 23 21:13:49 2025
Terminated at Thu Jan 23 21:22:29 2025
Results reported at Thu Jan 23 21:22:29 2025

Your job looked like:

------------------------------------------------------------
# LSBATCH: User input
#!/bin/bash
# 02614 - High-Performance Computing, January 2025
# 
# Author: Group 1
#
#BSUB -J poisson
#BSUB -o poisson_%J.out
#BSUB -q hpcintrogpu
#BSUB -n 4
#BSUB -R "rusage[mem=20000]"
#BSUB -W 00:15
#BSUB -R "span[hosts=1]"
#BSUB -gpu "num=1:mode=exclusive_process"

export MFLOPS_MAX_IT=1
export OMP_NUM_THREADS=32
export TMPDIR=$__LSF_JOB_TMPDIR__
module load nvhpc/24.11

N="100 200 300 400 500 600 700 800 900 1000 1100 1200 1300 1400 1500 1600"

for n in $N; do
    echo "N=${n}"

    # EXPOUT="run_${n}"
    # HWCOUNT="-h dch,on,dcm,on,l2h,on,l2m,on"
    bin/poisson $n 100 0 0 1 0 0
    # nsys profile bin/poisson poisson $n 50 0 1 0 0
done
------------------------------------------------------------

Exited with exit code 255.

Resource usage summary:

    CPU time :                                   792.00 sec.
    Max Memory :                                 2100 MB
    Average Memory :                             1433.40 MB
    Total Requested Memory :                     80000.00 MB
    Delta Memory :                               77900.00 MB
    Max Swap :                                   -
    Max Processes :                              4
    Max Threads :                                9
    Run time :                                   548 sec.
    Turnaround time :                            520 sec.

The output (if any) is above this job summary.

