N=100
-------------------
Allocating memory on CPU:
Time taken for allocating memory on CPU: 0.993626 seconds
-------------------
Initializing arrays on CPU:
Time taken for initializing arrays on CPU: 0.002614 seconds
-------------------
Running Jacobi with norm:
Time taken for CPU: 0.000001 seconds
Time taken for GPU: 0.032700 seconds
Iterations: 100
CPU and GPU outputs are DIFFERENT!
-------------------
N=200
-------------------
Allocating memory on CPU:
Time taken for allocating memory on CPU: 0.988433 seconds
-------------------
Initializing arrays on CPU:
Time taken for initializing arrays on CPU: 0.020320 seconds
-------------------
Running Jacobi with norm:
Time taken for CPU: 0.000000 seconds
Time taken for GPU: 0.100732 seconds
Iterations: 100
CPU and GPU outputs are DIFFERENT!
-------------------
N=300
-------------------
Allocating memory on CPU:
Time taken for allocating memory on CPU: 1.731438 seconds
-------------------
Initializing arrays on CPU:
Time taken for initializing arrays on CPU: 0.067678 seconds
-------------------
Running Jacobi with norm:
Time taken for CPU: 0.000000 seconds
Time taken for GPU: 0.696600 seconds
Iterations: 100
CPU and GPU outputs are DIFFERENT!
-------------------
N=400
-------------------
Allocating memory on CPU:
Time taken for allocating memory on CPU: 2.663434 seconds
-------------------
Initializing arrays on CPU:
Time taken for initializing arrays on CPU: 0.162133 seconds
-------------------
Running Jacobi with norm:
Time taken for CPU: 0.000000 seconds
Time taken for GPU: 2.327850 seconds
Iterations: 100
CPU and GPU outputs are DIFFERENT!
-------------------
N=500
-------------------
Allocating memory on CPU:
Time taken for allocating memory on CPU: 3.441535 seconds
-------------------
Initializing arrays on CPU:
Time taken for initializing arrays on CPU: 0.314842 seconds
-------------------
Running Jacobi with norm:
Time taken for CPU: 0.000000 seconds
Time taken for GPU: 4.101708 seconds
Iterations: 100
CPU and GPU outputs are DIFFERENT!
-------------------
N=600
-------------------
Allocating memory on CPU:
Time taken for allocating memory on CPU: 5.491399 seconds
-------------------
Initializing arrays on CPU:
Time taken for initializing arrays on CPU: 0.543403 seconds
-------------------
Running Jacobi with norm:
Time taken for CPU: 0.000000 seconds
Time taken for GPU: 7.442516 seconds
Iterations: 100
CPU and GPU outputs are DIFFERENT!
-------------------
N=700
-------------------
Allocating memory on CPU:
Time taken for allocating memory on CPU: 7.426240 seconds
-------------------
Initializing arrays on CPU:
Time taken for initializing arrays on CPU: 0.857921 seconds
-------------------
Running Jacobi with norm:
Time taken for CPU: 0.000000 seconds
Time taken for GPU: 12.546216 seconds
Iterations: 100
CPU and GPU outputs are DIFFERENT!
-------------------
N=800
-------------------
Allocating memory on CPU:
Time taken for allocating memory on CPU: 10.241240 seconds
-------------------
Initializing arrays on CPU:
Time taken for initializing arrays on CPU: 1.278301 seconds
-------------------
Running Jacobi with norm:
Time taken for CPU: 0.000000 seconds
Time taken for GPU: 19.272333 seconds
Iterations: 100
CPU and GPU outputs are DIFFERENT!
-------------------
N=900
-------------------
Allocating memory on CPU:
Time taken for allocating memory on CPU: 14.084131 seconds
-------------------
Initializing arrays on CPU:
Time taken for initializing arrays on CPU: 1.818091 seconds
-------------------
Running Jacobi with norm:
Time taken for CPU: 0.000000 seconds
Time taken for GPU: 28.570730 seconds
Iterations: 100
CPU and GPU outputs are DIFFERENT!
-------------------
N=1000
-------------------
Allocating memory on CPU:
Time taken for allocating memory on CPU: 19.337642 seconds
-------------------
Initializing arrays on CPU:
Time taken for initializing arrays on CPU: 2.492998 seconds
-------------------
Running Jacobi with norm:
Time taken for CPU: 0.000000 seconds
Time taken for GPU: 40.310322 seconds
Iterations: 100
CPU and GPU outputs are DIFFERENT!
-------------------
N=1100
-------------------
Allocating memory on CPU:
Time taken for allocating memory on CPU: 24.984240 seconds
-------------------
Initializing arrays on CPU:
Time taken for initializing arrays on CPU: 3.310160 seconds
-------------------
Running Jacobi with norm:
Time taken for CPU: 0.000000 seconds
Time taken for GPU: 54.595526 seconds
Iterations: 100
CPU and GPU outputs are DIFFERENT!
-------------------
N=1200
-------------------
Allocating memory on CPU:
Time taken for allocating memory on CPU: 32.129665 seconds
-------------------
Initializing arrays on CPU:
Time taken for initializing arrays on CPU: 4.304367 seconds
-------------------
Running Jacobi with norm:
Time taken for CPU: 0.000001 seconds
Time taken for GPU: 71.536726 seconds
Iterations: 100
CPU and GPU outputs are DIFFERENT!
-------------------
N=1300
array u_0: allocation failed: Cannot allocate memory
-------------------
Allocating memory on CPU:
N=1400
array u_0: allocation failed: Cannot allocate memory
-------------------
Allocating memory on CPU:
N=1500
array u_0: allocation failed: Cannot allocate memory
-------------------
Allocating memory on CPU:
N=1600
array u_0: allocation failed: Cannot allocate memory
-------------------
Allocating memory on CPU:

------------------------------------------------------------
Sender: LSF System <lsfadmin@hpc.dtu.dk>
Subject: Job 23877798: <poisson> in cluster <dcc> Exited

Job <poisson> was submitted from host <n-62-11-46> by user <s204164> in cluster <dcc> at Fri Jan 24 10:39:41 2025
Job was executed on host(s) <4*n-62-12-88>, in queue <hpcintrogpu>, as user <s204164> in cluster <dcc> at Fri Jan 24 10:42:28 2025
</zhome/5f/3/156515> was used as the home directory.
</zhome/5f/3/156515/Documents/hpc-2025-assignment3/poisson> was used as the working directory.
Started at Fri Jan 24 10:42:28 2025
Terminated at Fri Jan 24 10:51:57 2025
Results reported at Fri Jan 24 10:51:57 2025

Your job looked like:

------------------------------------------------------------
# LSBATCH: User input
#!/bin/bash
# 02614 - High-Performance Computing, January 2025
# 
# Author: Group 1
#
#BSUB -J poisson
#BSUB -o poisson_%J.out
#BSUB -q hpcintrogpu
#BSUB -n 4
#BSUB -R "rusage[mem=20000]"
#BSUB -W 00:15
#BSUB -R "span[hosts=1]"
#BSUB -gpu "num=1:mode=exclusive_process"

export MFLOPS_MAX_IT=1
export OMP_NUM_THREADS=32
export TMPDIR=$__LSF_JOB_TMPDIR__
module load nvhpc/24.11

N="100 200 300 400 500 600 700 800 900 1000 1100 1200 1300 1400 1500 1600"

for n in $N; do
    echo "N=${n}"

    # EXPOUT="run_${n}"
    # HWCOUNT="-h dch,on,dcm,on,l2h,on,l2m,on"
    bin/poisson $n 100 0 0 0 1 0
    # nsys profile bin/poisson poisson $n 50 0 1 0 0
done
------------------------------------------------------------

Exited with exit code 255.

Resource usage summary:

    CPU time :                                   838.00 sec.
    Max Memory :                                 5782 MB
    Average Memory :                             1536.50 MB
    Total Requested Memory :                     80000.00 MB
    Delta Memory :                               74218.00 MB
    Max Swap :                                   -
    Max Processes :                              4
    Max Threads :                                9
    Run time :                                   570 sec.
    Turnaround time :                            736 sec.

The output (if any) is above this job summary.

