N=100
-------------------
Allocating memory on CPU:
Time taken for allocating memory on CPU: 2.848740 seconds
-------------------
Initializing arrays on CPU:
Time taken for initializing arrays on CPU: 0.002672 seconds
-------------------
Running Jacobi:
Time taken for CPU: 0.078783 seconds
Time taken for GPU: 0.551711 seconds
CPU and GPU outputs are IDENTICAL!
-------------------
N=200
-------------------
Allocating memory on CPU:
Time taken for allocating memory on CPU: 3.068714 seconds
-------------------
Initializing arrays on CPU:
Time taken for initializing arrays on CPU: 0.020406 seconds
-------------------
Running Jacobi:
Time taken for CPU: 0.414022 seconds
Time taken for GPU: 2.625267 seconds
CPU and GPU outputs are IDENTICAL!
-------------------
N=300
-------------------
Allocating memory on CPU:
Time taken for allocating memory on CPU: 1.790673 seconds
-------------------
Initializing arrays on CPU:
Time taken for initializing arrays on CPU: 0.067668 seconds
-------------------
Running Jacobi:
Time taken for CPU: 1.344273 seconds
Time taken for GPU: 5.891671 seconds
CPU and GPU outputs are IDENTICAL!
-------------------
N=400
-------------------
Allocating memory on CPU:
Time taken for allocating memory on CPU: 3.180704 seconds
-------------------
Initializing arrays on CPU:
Time taken for initializing arrays on CPU: 0.161415 seconds
-------------------
Running Jacobi:
Time taken for CPU: 3.089823 seconds
Time taken for GPU: 10.731408 seconds
CPU and GPU outputs are IDENTICAL!
-------------------
N=500
-------------------
Allocating memory on CPU:
Time taken for allocating memory on CPU: 2.820892 seconds
-------------------
Initializing arrays on CPU:
Time taken for initializing arrays on CPU: 0.261277 seconds
-------------------
Running Jacobi:
Time taken for CPU: 6.544036 seconds
Time taken for GPU: 16.766832 seconds
CPU and GPU outputs are IDENTICAL!
-------------------
N=600
-------------------
Allocating memory on CPU:
Time taken for allocating memory on CPU: 4.214339 seconds
-------------------
Initializing arrays on CPU:
Time taken for initializing arrays on CPU: 0.450168 seconds
-------------------
Running Jacobi:
Time taken for CPU: 12.096107 seconds
Time taken for GPU: 24.155526 seconds
CPU and GPU outputs are IDENTICAL!
-------------------
N=700
-------------------
Allocating memory on CPU:
Time taken for allocating memory on CPU: 6.134676 seconds
-------------------
Initializing arrays on CPU:
Time taken for initializing arrays on CPU: 0.712279 seconds
-------------------
Running Jacobi:
Time taken for CPU: 19.467181 seconds
Time taken for GPU: 33.185398 seconds
CPU and GPU outputs are IDENTICAL!
-------------------
N=800
-------------------
Allocating memory on CPU:
Time taken for allocating memory on CPU: 8.697972 seconds
-------------------
Initializing arrays on CPU:
Time taken for initializing arrays on CPU: 1.058050 seconds
-------------------
Running Jacobi:
Time taken for CPU: 28.946393 seconds
Time taken for GPU: 44.341445 seconds
CPU and GPU outputs are IDENTICAL!
-------------------
N=900
User defined signal 2

------------------------------------------------------------
Sender: LSF System <lsfadmin@hpc.dtu.dk>
Subject: Job 23849553: <poisson> in cluster <dcc> Exited

Job <poisson> was submitted from host <n-62-12-81> by user <s204164> in cluster <dcc> at Thu Jan 23 16:20:22 2025
Job was executed on host(s) <4*n-62-12-88>, in queue <hpcintrogpu>, as user <s204164> in cluster <dcc> at Thu Jan 23 16:20:46 2025
</zhome/5f/3/156515> was used as the home directory.
</zhome/5f/3/156515/Documents/hpc-2025-assignment3/poisson> was used as the working directory.
Started at Thu Jan 23 16:20:46 2025
Terminated at Thu Jan 23 16:27:23 2025
Results reported at Thu Jan 23 16:27:23 2025

Your job looked like:

------------------------------------------------------------
# LSBATCH: User input
#!/bin/bash
# 02614 - High-Performance Computing, January 2025
# 
# Author: Group 1
#
#BSUB -J poisson
#BSUB -o poisson_%J.out
#BSUB -q hpcintrogpu
#BSUB -n 4
#BSUB -R "rusage[mem=20000]"
#BSUB -W 5
#BSUB -R "span[hosts=1]"
#BSUB -gpu "num=1:mode=exclusive_process"

export MFLOPS_MAX_IT=1
export OMP_NUM_THREADS=32
export TMPDIR=$__LSF_JOB_TMPDIR__
module load nvhpc/24.11

N="100 200 300 400 500 600 700 800 900 1000 1100 1200 1300 1400 1500 1600"

for n in $N; do
    echo "N=${n}"

    # EXPOUT="run_${n}"
    # HWCOUNT="-h dch,on,dcm,on,l2h,on,l2m,on"
    bin/poisson $n 50 0 0 1 0 0
    # nsys profile bin/poisson poisson $n 50 0 1 0 0
done
------------------------------------------------------------

TERM_RUNLIMIT: job killed after reaching LSF run time limit.
Exited with exit code 140.

Resource usage summary:

    CPU time :                                   791.00 sec.
    Max Memory :                                 1181 MB
    Average Memory :                             840.71 MB
    Total Requested Memory :                     80000.00 MB
    Delta Memory :                               78819.00 MB
    Max Swap :                                   -
    Max Processes :                              4
    Max Threads :                                40
    Run time :                                   398 sec.
    Turnaround time :                            421 sec.

The output (if any) is above this job summary.

