N=100
-------------------
Allocating memory on CPU:
Time taken for allocating memory on CPU: 1.008819 seconds
-------------------
Initializing arrays on CPU:
Time taken for initializing arrays on CPU: 0.002628 seconds
-------------------
Running Jacobi:
Time taken for CPU: 0.128400 seconds
Time taken for GPU: 0.893582 seconds
CPU and GPU outputs are IDENTICAL!
-------------------
N=200
-------------------
Allocating memory on CPU:
Time taken for allocating memory on CPU: 1.011686 seconds
-------------------
Initializing arrays on CPU:
Time taken for initializing arrays on CPU: 0.020393 seconds
-------------------
Running Jacobi:
Time taken for CPU: 0.829518 seconds
Time taken for GPU: 4.863926 seconds
CPU and GPU outputs are IDENTICAL!
-------------------
N=300
-------------------
Allocating memory on CPU:
Time taken for allocating memory on CPU: 1.584155 seconds
-------------------
Initializing arrays on CPU:
Time taken for initializing arrays on CPU: 0.067696 seconds
-------------------
Running Jacobi:
Time taken for CPU: 2.386096 seconds
Time taken for GPU: 11.563874 seconds
CPU and GPU outputs are IDENTICAL!
-------------------
N=400
-------------------
Allocating memory on CPU:
Time taken for allocating memory on CPU: 2.671893 seconds
-------------------
Initializing arrays on CPU:
Time taken for initializing arrays on CPU: 0.162373 seconds
-------------------
Running Jacobi:
Time taken for CPU: 5.993837 seconds
Time taken for GPU: 20.702641 seconds
CPU and GPU outputs are IDENTICAL!
-------------------
N=500
-------------------
Allocating memory on CPU:
Time taken for allocating memory on CPU: 3.376061 seconds
-------------------
Initializing arrays on CPU:
Time taken for initializing arrays on CPU: 0.315588 seconds
-------------------
Running Jacobi:
Time taken for CPU: 13.403841 seconds
Time taken for GPU: 32.969032 seconds
CPU and GPU outputs are IDENTICAL!
-------------------
N=600
-------------------
Allocating memory on CPU:
Time taken for allocating memory on CPU: 5.006609 seconds
-------------------
Initializing arrays on CPU:
Time taken for initializing arrays on CPU: 0.542948 seconds
-------------------
Running Jacobi:
Time taken for CPU: 24.563916 seconds
Time taken for GPU: 6.202712 seconds
CPU and GPU outputs are IDENTICAL!
-------------------
N=700
-------------------
Allocating memory on CPU:
Time taken for allocating memory on CPU: 7.264762 seconds
-------------------
Initializing arrays on CPU:
Time taken for initializing arrays on CPU: 0.860461 seconds
-------------------
Running Jacobi:
Time taken for CPU: 38.895897 seconds
Time taken for GPU: 1.173152 seconds
CPU and GPU outputs are IDENTICAL!
-------------------
N=800
-------------------
Allocating memory on CPU:
Time taken for allocating memory on CPU: 10.280524 seconds
-------------------
Initializing arrays on CPU:
Time taken for initializing arrays on CPU: 1.282225 seconds
-------------------
Running Jacobi:
Time taken for CPU: 58.067658 seconds
Time taken for GPU: 1.645007 seconds
CPU and GPU outputs are IDENTICAL!
-------------------
N=900
-------------------
Allocating memory on CPU:
Time taken for allocating memory on CPU: 14.166369 seconds
-------------------
Initializing arrays on CPU:
Time taken for initializing arrays on CPU: 1.819738 seconds
-------------------
Running Jacobi:
Time taken for CPU: 83.651123 seconds
Time taken for GPU: 2.355928 seconds
CPU and GPU outputs are IDENTICAL!
-------------------
N=1000
-------------------
Allocating memory on CPU:
Time taken for allocating memory on CPU: 19.085006 seconds
-------------------
Initializing arrays on CPU:
Time taken for initializing arrays on CPU: 2.496302 seconds
-------------------
Running Jacobi:
Time taken for CPU: 115.807329 seconds
Time taken for GPU: 3.559563 seconds
CPU and GPU outputs are IDENTICAL!
-------------------
N=1100
