WARNING: CPU IP/backtrace sampling not supported, disabling.
Try the 'nsys status --environment' command to learn more.

WARNING: CPU context switch tracing not supported, disabling.
Try the 'nsys status --environment' command to learn more.

-------------------
Allocating memory on CPU:
Time taken for allocating memory on CPU: 0.926769 seconds
-------------------
Initializing arrays on CPU:
Time taken for initializing arrays on CPU: 0.000000 seconds
-------------------
Running Jacobi:
Time taken for CPU: 0.000278 seconds
Time taken for GPU: 0.117034 seconds
-------------------
Collecting data...
Generating '/tmp/23824980.tmpdir/nsys-report-6d01.qdstrm'
[1/1] [0%                          ] report1.nsys-rep[1/1] [0%                          ] report1.nsys-rep[1/1] [11%                         ] report1.nsys-rep[1/1] [===22%                      ] report1.nsys-rep[1/1] [====================83%     ] report1.nsys-rep[1/1] [========================100%] report1.nsys-rep[1/1] [========================100%] report1.nsys-rep
Generated:
    /zhome/5f/3/156515/Documents/hpc-2025-assignment3/poisson/report1.nsys-rep

------------------------------------------------------------
Sender: LSF System <lsfadmin@hpc.dtu.dk>
Subject: Job 23824980: <poisson> in cluster <dcc> Done

Job <poisson> was submitted from host <n-62-12-81> by user <s204164> in cluster <dcc> at Wed Jan 22 17:57:24 2025
Job was executed on host(s) <4*n-62-12-89>, in queue <hpcintrogpu>, as user <s204164> in cluster <dcc> at Wed Jan 22 17:57:25 2025
</zhome/5f/3/156515> was used as the home directory.
</zhome/5f/3/156515/Documents/hpc-2025-assignment3/poisson> was used as the working directory.
Started at Wed Jan 22 17:57:25 2025
Terminated at Wed Jan 22 17:57:31 2025
Results reported at Wed Jan 22 17:57:31 2025

Your job looked like:

------------------------------------------------------------
# LSBATCH: User input
#!/bin/bash
# 02614 - High-Performance Computing, January 2025
# 
# Author: Group 1
#
#BSUB -J poisson
#BSUB -o poisson_%J.out
#BSUB -q hpcintrogpu
#BSUB -n 4
#BSUB -R "rusage[mem=2048]"
#BSUB -W 10
#BSUB -R "span[hosts=1]"
#BSUB -gpu "num=1:mode=exclusive_process"

export TMPDIR=$__LSF_JOB_TMPDIR__
module load nvhpc/24.11

nsys profile bin/poisson poisson 500 1
------------------------------------------------------------

Successfully completed.

Resource usage summary:

    CPU time :                                   1.05 sec.
    Max Memory :                                 -
    Average Memory :                             -
    Total Requested Memory :                     8192.00 MB
    Delta Memory :                               -
    Max Swap :                                   -
    Max Processes :                              -
    Max Threads :                                -
    Run time :                                   77 sec.
    Turnaround time :                            7 sec.

The output (if any) is above this job summary.

